2026-04-05 11:58:02 [[32minfo[39m]: [object Object] {"0":"A","1":"u","2":"t","3":"h","4":" ","5":"s","6":"e","7":"r","8":"v","9":"i","10":"c","11":"e","12":" ","13":"r","14":"u","15":"n","16":"n","17":"i","18":"n","19":"g"}
2026-04-05 11:59:34 [[32minfo[39m]: Auth service running {"port":"5501"}
2026-04-05 12:00:51 [[32minfo[39m]: [object Object] 
2026-04-05 12:00:51 [[32minfo[39m]: [object Object] 
2026-04-05 12:00:51 [[32minfo[39m]: [object Object] 
2026-04-05 12:00:54 [[32minfo[39m]: [object Object] {"0":"U","1":"s","2":"e","3":"r","4":" ","5":"l","6":"o","7":"g","8":"g","9":"e","10":"d","11":" ","12":"o","13":"u","14":"t"}
2026-04-05 12:00:54 [[32minfo[39m]: [object Object] 
2026-04-05 12:02:18 [[32minfo[39m]: Auth service running {"port":"5501"}
2026-04-05 12:02:25 [[32minfo[39m]: Auth service running {"port":"5501"}
2026-04-05 12:02:50 [[32minfo[39m]: [object Object] {"0":"U","1":"s","2":"e","3":"r","4":" ","5":"r","6":"e","7":"g","8":"i","9":"s","10":"t","11":"e","12":"r","13":"e","14":"d","15":",","16":" ","17":"O","18":"T","19":"P","20":" ","21":"s","22":"e","23":"n","24":"t"}
2026-04-05 12:02:50 [[32minfo[39m]: [object Object] 
2026-04-05 12:08:17 [[32minfo[39m]: [object Object] {"0":"U","1":"s","2":"e","3":"r","4":" ","5":"r","6":"e","7":"g","8":"i","9":"s","10":"t","11":"e","12":"r","13":"e","14":"d","15":",","16":" ","17":"O","18":"T","19":"P","20":" ","21":"s","22":"e","23":"n","24":"t"}
2026-04-05 12:08:17 [[32minfo[39m]: [object Object] 
2026-04-05 12:09:05 [[32minfo[39m]: [object Object] {"0":"E","1":"m","2":"a","3":"i","4":"l","5":" ","6":"v","7":"e","8":"r","9":"i","10":"f","11":"i","12":"e","13":"d","14":",","15":" ","16":"u","17":"s","18":"e","19":"r","20":" ","21":"a","22":"u","23":"t","24":"o","25":"-","26":"l","27":"o","28":"g","29":"g","30":"e","31":"d","32":" ","33":"i","34":"n"}
2026-04-05 12:09:05 [[32minfo[39m]: [object Object] 
2026-04-05 12:09:05 [[32minfo[39m]: [object Object] 
2026-04-05 12:09:39 [[32minfo[39m]: [object Object] {"0":"U","1":"s","2":"e","3":"r","4":" ","5":"l","6":"o","7":"g","8":"g","9":"e","10":"d","11":" ","12":"o","13":"u","14":"t"}
2026-04-05 12:09:39 [[32minfo[39m]: [object Object] 
2026-04-05 12:09:42 [[32minfo[39m]: [object Object] 
2026-04-05 12:10:09 [[32minfo[39m]: [object Object] {"0":"U","1":"s","2":"e","3":"r","4":" ","5":"l","6":"o","7":"g","8":"g","9":"e","10":"d","11":" ","12":"i","13":"n"}
2026-04-05 12:10:09 [[32minfo[39m]: [object Object] 
2026-04-05 12:10:09 [[32minfo[39m]: [object Object] 
2026-04-05 12:16:41 [[32minfo[39m]: Auth service running {"port":"5501"}
2026-04-05 12:16:46 [[32minfo[39m]: Auth service running {"port":"5501"}
2026-04-05 12:16:47 [[32minfo[39m]: [object Object] {"0":"U","1":"s","2":"e","3":"r","4":" ","5":"l","6":"o","7":"g","8":"g","9":"e","10":"d","11":" ","12":"o","13":"u","14":"t"}
2026-04-05 12:16:47 [[32minfo[39m]: [object Object] 
2026-04-05 12:16:51 [[32minfo[39m]: Auth service running {"port":"5501"}
2026-04-05 12:16:54 [[32minfo[39m]: [object Object] 
2026-04-05 12:17:08 [[32minfo[39m]: [object Object] 
2026-04-05 12:17:14 [[32minfo[39m]: [object Object] 
2026-04-05 12:17:29 [[32minfo[39m]: Auth service running {"port":"5501"}
2026-04-05 12:19:48 [[32minfo[39m]: [object Object] {"0":"U","1":"s","2":"e","3":"r","4":" ","5":"r","6":"e","7":"g","8":"i","9":"s","10":"t","11":"e","12":"r","13":"e","14":"d","15":",","16":" ","17":"O","18":"T","19":"P","20":" ","21":"s","22":"e","23":"n","24":"t"}
2026-04-05 12:19:48 [[32minfo[39m]: [object Object] 
2026-04-05 12:19:58 [[32minfo[39m]: [object Object] {"0":"E","1":"m","2":"a","3":"i","4":"l","5":" ","6":"v","7":"e","8":"r","9":"i","10":"f","11":"i","12":"e","13":"d","14":",","15":" ","16":"u","17":"s","18":"e","19":"r","20":" ","21":"a","22":"u","23":"t","24":"o","25":"-","26":"l","27":"o","28":"g","29":"g","30":"e","31":"d","32":" ","33":"i","34":"n"}
2026-04-05 12:19:58 [[32minfo[39m]: [object Object] 
2026-04-05 12:19:58 [[32minfo[39m]: [object Object] 
2026-04-05 12:20:03 [[32minfo[39m]: [object Object] {"0":"U","1":"s","2":"e","3":"r","4":" ","5":"l","6":"o","7":"g","8":"g","9":"e","10":"d","11":" ","12":"o","13":"u","14":"t"}
2026-04-05 12:20:03 [[32minfo[39m]: [object Object] 
2026-04-05 12:20:10 [[32minfo[39m]: [object Object] 
2026-04-05 12:20:14 [[32minfo[39m]: [object Object] 
2026-04-05 12:20:18 [[32minfo[39m]: [object Object] {"0":"U","1":"s","2":"e","3":"r","4":" ","5":"l","6":"o","7":"g","8":"g","9":"e","10":"d","11":" ","12":"i","13":"n"}
2026-04-05 12:20:18 [[32minfo[39m]: [object Object] 
2026-04-05 12:20:18 [[32minfo[39m]: [object Object] 
2026-04-05 12:20:32 [[32minfo[39m]: Auth service running {"port":"5501"}
2026-04-05 12:20:36 [[32minfo[39m]: [object Object] {"0":"U","1":"s","2":"e","3":"r","4":" ","5":"l","6":"o","7":"g","8":"g","9":"e","10":"d","11":" ","12":"o","13":"u","14":"t"}
2026-04-05 12:20:36 [[32minfo[39m]: [object Object] 
2026-04-05 12:22:07 [[32minfo[39m]: [object Object] {"0":"U","1":"s","2":"e","3":"r","4":" ","5":"r","6":"e","7":"g","8":"i","9":"s","10":"t","11":"e","12":"r","13":"e","14":"d","15":",","16":" ","17":"O","18":"T","19":"P","20":" ","21":"s","22":"e","23":"n","24":"t"}
2026-04-05 12:22:07 [[32minfo[39m]: [object Object] 
2026-04-05 12:22:20 [[32minfo[39m]: [object Object] {"0":"E","1":"m","2":"a","3":"i","4":"l","5":" ","6":"v","7":"e","8":"r","9":"i","10":"f","11":"i","12":"e","13":"d","14":",","15":" ","16":"u","17":"s","18":"e","19":"r","20":" ","21":"a","22":"u","23":"t","24":"o","25":"-","26":"l","27":"o","28":"g","29":"g","30":"e","31":"d","32":" ","33":"i","34":"n"}
2026-04-05 12:22:20 [[32minfo[39m]: [object Object] 
2026-04-05 12:22:20 [[32minfo[39m]: [object Object] 
2026-04-05 12:22:27 [[32minfo[39m]: [object Object] 
2026-04-05 12:22:31 [[32minfo[39m]: [object Object] 
2026-04-05 12:22:43 [[32minfo[39m]: [object Object] 
2026-04-05 12:22:48 [[32minfo[39m]: [object Object] {"0":"U","1":"s","2":"e","3":"r","4":" ","5":"l","6":"o","7":"g","8":"g","9":"e","10":"d","11":" ","12":"o","13":"u","14":"t"}
2026-04-05 12:22:48 [[32minfo[39m]: [object Object] 
2026-04-05 12:22:51 [[32minfo[39m]: [object Object] 
2026-04-05 12:22:59 [[32minfo[39m]: [object Object] {"0":"G","1":"o","2":"o","3":"g","4":"l","5":"e","6":" ","7":"O","8":"A","9":"u","10":"t","11":"h","12":" ","13":"p","14":"r","15":"o","16":"f","17":"i","18":"l","19":"e","20":" ","21":"r","22":"e","23":"c","24":"e","25":"i","26":"v","27":"e","28":"d"}
2026-04-05 12:22:59 [[31merror[39m]: [object Object] {"0":"G","1":"o","2":"o","3":"g","4":"l","5":"e","6":" ","7":"O","8":"A","9":"u","10":"t","11":"h","12":" ","13":"c","14":"a","15":"l","16":"l","17":"b","18":"a","19":"c","20":"k","21":" ","22":"e","23":"r","24":"r","25":"o","26":"r"}
2026-04-05 12:22:59 [[32minfo[39m]: [object Object] 
2026-04-05 12:23:15 [[32minfo[39m]: [object Object] 
2026-04-05 12:23:22 [[32minfo[39m]: [object Object] {"0":"G","1":"o","2":"o","3":"g","4":"l","5":"e","6":" ","7":"O","8":"A","9":"u","10":"t","11":"h","12":" ","13":"p","14":"r","15":"o","16":"f","17":"i","18":"l","19":"e","20":" ","21":"r","22":"e","23":"c","24":"e","25":"i","26":"v","27":"e","28":"d"}
2026-04-05 12:23:22 [[32minfo[39m]: [object Object] {"0":"N","1":"e","2":"w","3":" ","4":"G","5":"o","6":"o","7":"g","8":"l","9":"e","10":" ","11":"u","12":"s","13":"e","14":"r","15":" ","16":"r","17":"e","18":"g","19":"i","20":"s","21":"t","22":"e","23":"r","24":"e","25":"d"}
2026-04-05 12:23:22 [[32minfo[39m]: [object Object] 
2026-04-05 12:23:23 [[32minfo[39m]: [object Object] 
2026-04-05 12:23:23 [[32minfo[39m]: [object Object] 
2026-04-05 12:23:49 [[32minfo[39m]: [object Object] {"0":"U","1":"s","2":"e","3":"r","4":" ","5":"l","6":"o","7":"g","8":"g","9":"e","10":"d","11":" ","12":"o","13":"u","14":"t"}
2026-04-05 12:23:49 [[32minfo[39m]: [object Object] 
2026-04-05 12:23:55 [[32minfo[39m]: [object Object] 
2026-04-05 12:24:10 [[32minfo[39m]: [object Object] 
2026-04-05 12:24:17 [[32minfo[39m]: [object Object] {"0":"G","1":"o","2":"o","3":"g","4":"l","5":"e","6":" ","7":"O","8":"A","9":"u","10":"t","11":"h","12":" ","13":"p","14":"r","15":"o","16":"f","17":"i","18":"l","19":"e","20":" ","21":"r","22":"e","23":"c","24":"e","25":"i","26":"v","27":"e","28":"d"}
2026-04-05 12:24:17 [[32minfo[39m]: [object Object] {"0":"G","1":"o","2":"o","3":"g","4":"l","5":"e","6":" ","7":"u","8":"s","9":"e","10":"r","11":" ","12":"l","13":"o","14":"g","15":"g","16":"e","17":"d","18":" ","19":"i","20":"n"}
2026-04-05 12:24:17 [[32minfo[39m]: [object Object] 
2026-04-05 12:24:18 [[32minfo[39m]: [object Object] 
2026-04-05 12:24:18 [[32minfo[39m]: [object Object] 
